#
# There is insufficient memory for the Java Runtime Environment to continue.
# Native memory allocation (mmap) failed to map 266338304 bytes for G1 virtual space
# Possible reasons:
#   The system is out of physical RAM or swap space
#   The process is running with CompressedOops enabled, and the Java Heap may be blocking the growth of the native heap
# Possible solutions:
#   Reduce memory load on the system
#   Increase physical memory or swap space
#   Check if swap backing store is full
#   Decrease Java heap size (-Xmx/-Xms)
#   Decrease number of Java threads
#   Decrease Java thread stack sizes (-Xss)
#   Set larger code cache with -XX:ReservedCodeCacheSize=
#   JVM is running with Zero Based Compressed Oops mode in which the Java heap is
#     placed in the first 32GB address space. The Java Heap base address is the
#     maximum limit for the native heap growth. Please use -XX:HeapBaseMinAddress
#     to set the Java Heap base and to place the Java Heap above 32GB virtual address.
# This output file may be truncated or incomplete.
#
#  Out of Memory Error (os_windows.cpp:3541), pid=64544, tid=68388
#
# JRE version:  (17.0.4.1+1) (build )
# Java VM: OpenJDK 64-Bit Server VM (17.0.4.1+1, mixed mode, emulated-client, sharing, tiered, compressed oops, compressed class ptrs, g1 gc, windows-amd64)
# No core dump will be written. Minidumps are not enabled by default on client versions of Windows
#

---------------  S U M M A R Y ------------

Command Line: -Dsts.lsp.client=vscode -Dsts.log.file=/dev/null -XX:TieredStopAtLevel=1 -Xlog:jni+resolve=off -Dspring.config.location=file:c:\Users\johns\.vscode\extensions\pivotal.vscode-spring-boot-1.40.0\language-server\BOOT-INF\classes\application.properties org.springframework.ide.vscode.boot.app.BootLanguageServerBootApp

Host: 11th Gen Intel(R) Core(TM) i7-1165G7 @ 2.80GHz, 8 cores, 15G,  Windows 11 , 64 bit Build 22000 (10.0.22000.708)
Time: Tue Nov 15 13:02:46 2022 India Standard Time elapsed time: 0.025565 seconds (0d 0h 0m 0s)

---------------  T H R E A D  ---------------

Current thread (0x0000013a5882a3a0):  JavaThread "Unknown thread" [_thread_in_vm, id=68388, stack(0x00000037ffb00000,0x00000037ffc00000)]

Stack: [0x00000037ffb00000,0x00000037ffc00000]
Native frames: (J=compiled Java code, j=interpreted, Vv=VM code, C=native code)
V  [jvm.dll+0x67731a]
V  [jvm.dll+0x832284]
V  [jvm.dll+0x833a2e]
V  [jvm.dll+0x834093]
V  [jvm.dll+0x245775]
V  [jvm.dll+0x674209]
V  [jvm.dll+0x668a92]
V  [jvm.dll+0x30471b]
V  [jvm.dll+0x30bc66]
V  [jvm.dll+0x35ba9e]
V  [jvm.dll+0x35bccf]
V  [jvm.dll+0x2db5b8]
V  [jvm.dll+0x2dc524]
V  [jvm.dll+0x803db1]
V  [jvm.dll+0x3698f1]
V  [jvm.dll+0x7e31bc]
V  [jvm.dll+0x3ec25f]
V  [jvm.dll+0x3edde1]
C  [jli.dll+0x5277]
C  [ucrtbase.dll+0x26c0c]
C  [KERNEL32.DLL+0x154e0]
C  [ntdll.dll+0x485b]


---------------  P R O C E S S  ---------------

Threads class SMR info:
_java_thread_list=0x00007ffb8ee94e98, length=0, elements={
}

Java Threads: ( => current thread )

Other Threads:
  0x0000013a58897c50 GCTaskThread "GC Thread#0" [stack: 0x00000037ffc00000,0x00000037ffd00000] [id=68384]
  0x0000013a588a9030 ConcurrentGCThread "G1 Main Marker" [stack: 0x00000037ffd00000,0x00000037ffe00000] [id=68516]
  0x0000013a588aa960 ConcurrentGCThread "G1 Conc#0" [stack: 0x00000037ffe00000,0x00000037fff00000] [id=66600]

[error occurred during error reporting (printing all threads), id 0xc0000005, EXCEPTION_ACCESS_VIOLATION (0xc0000005) at pc=0x00007ffb8e66c047]

VM state: not at safepoint (not fully initialized)

VM Mutex/Monitor currently owned by a thread:  ([mutex/lock_event])
[0x0000013a58826ce0] Heap_lock - owner thread: 0x0000013a5882a3a0

Heap address: 0x0000000703600000, size: 4042 MB, Compressed Oops mode: Zero based, Oop shift amount: 3

CDS archive(s) mapped at: [0x0000000000000000-0x0000000000000000-0x0000000000000000), size 0, SharedBaseAddress: 0x0000000800000000, ArchiveRelocationMode: 0.
Narrow klass base: 0x0000000000000000, Narrow klass shift: 0, Narrow klass range: 0x0

GC Precious Log:
<Empty>

Heap:
 garbage-first heap   total 0K, used 0K [0x0000000703600000, 0x0000000800000000)
  region size 2048K, 0 young (0K), 0 survivors (0K)

[error occurred during error reporting (printing heap information), id 0xc0000005, EXCEPTION_ACCESS_VIOLATION (0xc0000005) at pc=0x00007ffb8ea50699]

GC Heap History (0 events):
No events

Deoptimization events (0 events):
No events

Classes unloaded (0 events):
No events

Classes redefined (0 events):
No events

Internal exceptions (0 events):
No events

VM Operations (0 events):
No events

Events (1 events):
Event: 0.013 Loaded shared library c:\Users\johns\.vscode\extensions\redhat.java-1.12.0-win32-x64\jre\17.0.4.1-win32-x86_64\bin\java.dll


Dynamic libraries:
0x00007ff75e0f0000 - 0x00007ff75e0fe000 	c:\Users\johns\.vscode\extensions\redhat.java-1.12.0-win32-x64\jre\17.0.4.1-win32-x86_64\bin\java.exe
0x00007ffbefcc0000 - 0x00007ffbefec9000 	C:\WINDOWS\SYSTEM32\ntdll.dll
0x00007ffbeef80000 - 0x00007ffbef03d000 	C:\WINDOWS\System32\KERNEL32.DLL
0x00007ffbed4c0000 - 0x00007ffbed83c000 	C:\WINDOWS\System32\KERNELBASE.dll
0x00007ffbeda30000 - 0x00007ffbedb41000 	C:\WINDOWS\System32\ucrtbase.dll
0x00007ffbe83d0000 - 0x00007ffbe83e8000 	c:\Users\johns\.vscode\extensions\redhat.java-1.12.0-win32-x64\jre\17.0.4.1-win32-x86_64\bin\jli.dll
0x00007ffbe84a0000 - 0x00007ffbe84b9000 	c:\Users\johns\.vscode\extensions\redhat.java-1.12.0-win32-x64\jre\17.0.4.1-win32-x86_64\bin\VCRUNTIME140.dll
0x00007ffbef770000 - 0x00007ffbef91d000 	C:\WINDOWS\System32\USER32.dll
0x00007ffbed490000 - 0x00007ffbed4b6000 	C:\WINDOWS\System32\win32u.dll
0x00007ffbedd20000 - 0x00007ffbedd49000 	C:\WINDOWS\System32\GDI32.dll
0x00007ffbcf6f0000 - 0x00007ffbcf995000 	C:\WINDOWS\WinSxS\amd64_microsoft.windows.common-controls_6595b64144ccf1df_6.0.22000.120_none_9d947278b86cc467\COMCTL32.dll
0x00007ffbed370000 - 0x00007ffbed489000 	C:\WINDOWS\System32\gdi32full.dll
0x00007ffbedb50000 - 0x00007ffbedbf3000 	C:\WINDOWS\System32\msvcrt.dll
0x00007ffbed210000 - 0x00007ffbed2ad000 	C:\WINDOWS\System32\msvcp_win.dll
0x00007ffbef9c0000 - 0x00007ffbef9f1000 	C:\WINDOWS\System32\IMM32.DLL
0x00007ffbe8490000 - 0x00007ffbe849c000 	c:\Users\johns\.vscode\extensions\redhat.java-1.12.0-win32-x64\jre\17.0.4.1-win32-x86_64\bin\vcruntime140_1.dll
0x00007ffba0850000 - 0x00007ffba08e1000 	c:\Users\johns\.vscode\extensions\redhat.java-1.12.0-win32-x64\jre\17.0.4.1-win32-x86_64\bin\msvcp140.dll
0x00007ffb8e380000 - 0x00007ffb8efc6000 	c:\Users\johns\.vscode\extensions\redhat.java-1.12.0-win32-x64\jre\17.0.4.1-win32-x86_64\bin\server\jvm.dll
0x00007ffbeeea0000 - 0x00007ffbeef4e000 	C:\WINDOWS\System32\ADVAPI32.dll
0x00007ffbef0b0000 - 0x00007ffbef14e000 	C:\WINDOWS\System32\sechost.dll
0x00007ffbedc00000 - 0x00007ffbedd20000 	C:\WINDOWS\System32\RPCRT4.dll
0x00007ffbee590000 - 0x00007ffbee598000 	C:\WINDOWS\System32\PSAPI.DLL
0x00007ffbc4370000 - 0x00007ffbc4379000 	C:\WINDOWS\SYSTEM32\WSOCK32.dll
0x00007ffbef040000 - 0x00007ffbef0af000 	C:\WINDOWS\System32\WS2_32.dll
0x00007ffbe2bb0000 - 0x00007ffbe2be3000 	C:\WINDOWS\SYSTEM32\WINMM.dll
0x00007ffbe1900000 - 0x00007ffbe190a000 	C:\WINDOWS\SYSTEM32\VERSION.dll
0x00007ffbec2e0000 - 0x00007ffbec2f8000 	C:\WINDOWS\SYSTEM32\kernel.appcore.dll
0x00007ffbe8400000 - 0x00007ffbe840a000 	c:\Users\johns\.vscode\extensions\redhat.java-1.12.0-win32-x64\jre\17.0.4.1-win32-x86_64\bin\jimage.dll
0x00007ffbeaab0000 - 0x00007ffbeacd1000 	C:\WINDOWS\SYSTEM32\DBGHELP.DLL
0x00007ffbdc690000 - 0x00007ffbdc6c1000 	C:\WINDOWS\SYSTEM32\dbgcore.DLL
0x00007ffbed840000 - 0x00007ffbed8bf000 	C:\WINDOWS\System32\bcryptPrimitives.dll
0x00007ffbdff70000 - 0x00007ffbdff95000 	c:\Users\johns\.vscode\extensions\redhat.java-1.12.0-win32-x64\jre\17.0.4.1-win32-x86_64\bin\java.dll

dbghelp: loaded successfully - version: 4.0.5 - missing functions: none
symbol engine: initialized successfully - sym options: 0x614 - pdb path: .;c:\Users\johns\.vscode\extensions\redhat.java-1.12.0-win32-x64\jre\17.0.4.1-win32-x86_64\bin;C:\WINDOWS\SYSTEM32;C:\WINDOWS\WinSxS\amd64_microsoft.windows.common-controls_6595b64144ccf1df_6.0.22000.120_none_9d947278b86cc467;c:\Users\johns\.vscode\extensions\redhat.java-1.12.0-win32-x64\jre\17.0.4.1-win32-x86_64\bin\server

VM Arguments:
jvm_args: -Dsts.lsp.client=vscode -Dsts.log.file=/dev/null -XX:TieredStopAtLevel=1 -Xlog:jni+resolve=off -Dspring.config.location=file:c:\Users\johns\.vscode\extensions\pivotal.vscode-spring-boot-1.40.0\language-server\BOOT-INF\classes\application.properties 
java_command: org.springframework.ide.vscode.boot.app.BootLanguageServerBootApp
java_class_path (initial): c:\Users\johns\.vscode\extensions\pivotal.vscode-spring-boot-1.40.0\language-server\BOOT-INF\classes;c:\Users\johns\.vscode\extensions\pivotal.vscode-spring-boot-1.40.0\language-server\BOOT-INF\lib\annotations-23.0.0.jar;c:\Users\johns\.vscode\extensions\pivotal.vscode-spring-boot-1.40.0\language-server\BOOT-INF\lib\ant-1.10.12.jar;c:\Users\johns\.vscode\extensions\pivotal.vscode-spring-boot-1.40.0\language-server\BOOT-INF\lib\ant-launcher-1.10.12.jar;c:\Users\johns\.vscode\extensions\pivotal.vscode-spring-boot-1.40.0\language-server\BOOT-INF\lib\antlr-runtime-3.5.2.jar;c:\Users\johns\.vscode\extensions\pivotal.vscode-spring-boot-1.40.0\language-server\BOOT-INF\lib\antlr4-4.9.3.jar;c:\Users\johns\.vscode\extensions\pivotal.vscode-spring-boot-1.40.0\language-server\BOOT-INF\lib\antlr4-runtime-4.9.3.jar;c:\Users\johns\.vscode\extensions\pivotal.vscode-spring-boot-1.40.0\language-server\BOOT-INF\lib\asm-9.3.jar;c:\Users\johns\.vscode\extensions\pivotal.vscode-spring-boot-1.40.0\language-server\BOOT-INF\lib\asm-analysis-9.3.jar;c:\Users\johns\.vscode\extensions\pivotal.vscode-spring-boot-1.40.0\language-server\BOOT-INF\lib\asm-tree-9.3.jar;c:\Users\johns\.vscode\extensions\pivotal.vscode-spring-boot-1.40.0\language-server\BOOT-INF\lib\asm-util-9.3.jar;c:\Users\johns\.vscode\extensions\pivotal.vscode-spring-boot-1.40.0\language-server\BOOT-INF\lib\byte-buddy-1.12.13.jar;c:\Users\johns\.vscode\extensions\pivotal.vscode-spring-boot-1.40.0\language-server\BOOT-INF\lib\caffeine-2.9.3.jar;c:\Users\johns\.vscode\extensions\pivotal.vscode-spring-boot-1.40.0\language-server\BOOT-INF\lib\checker-qual-3.12.0.jar;c:\Users\johns\.vscode\extensions\pivotal.vscode-spring-boot-1.40.0\language-server\BOOT-INF\lib\classgraph-4.8.149.jar;c:\Users\johns\.vscode\extensions\pivotal.vscode-spring-boot-1.40.0\language-server\BOOT-INF\lib\commons-codec-1.15.jar;c:\Users\johns\.vscode\extensions\pivotal.vscode-spring-boot-1.40.0\language-server\BOOT-INF\lib\commons-c
Launcher Type: SUN_STANDARD

[Global flags]
     intx CICompilerCount                          = 4                                         {product} {ergonomic}
     uint ConcGCThreads                            = 2                                         {product} {ergonomic}
     uint G1ConcRefinementThreads                  = 8                                         {product} {ergonomic}
   size_t G1HeapRegionSize                         = 2097152                                   {product} {ergonomic}
    uintx GCDrainStackTargetSize                   = 64                                        {product} {ergonomic}
   size_t InitialHeapSize                          = 266338304                                 {product} {ergonomic}
   size_t MarkStackSize                            = 4194304                                   {product} {ergonomic}
   size_t MaxHeapSize                              = 4238344192                                {product} {ergonomic}
   size_t MinHeapDeltaBytes                        = 2097152                                   {product} {ergonomic}
   size_t MinHeapSize                              = 8388608                                   {product} {ergonomic}
    uintx NonProfiledCodeHeapSize                  = 0                                      {pd product} {ergonomic}
     bool ProfileInterpreter                       = false                                  {pd product} {command line}
    uintx ProfiledCodeHeapSize                     = 0                                      {pd product} {ergonomic}
   size_t SoftMaxHeapSize                          = 4238344192                             {manageable} {ergonomic}
     intx TieredStopAtLevel                        = 1                                         {product} {command line}
     bool UseCompressedClassPointers               = true                           {product lp64_product} {ergonomic}
     bool UseCompressedOops                        = true                           {product lp64_product} {ergonomic}
     bool UseG1GC                                  = true                                      {product} {ergonomic}
     bool UseLargePagesIndividualAllocation        = false                                  {pd product} {ergonomic}

Logging:
Log output configuration:
 #0: stdout all=warning,jni+resolve=off uptime,level,tags (reconfigured)
 #1: stderr all=off uptime,level,tags

Environment Variables:
JAVA_HOME=C:\Program Files\Java\jdk-17.0.1
PATH=C:\Program Files\Common Files\Oracle\Java\javapath;C:\WINDOWS\system32;C:\WINDOWS;C:\WINDOWS\System32\Wbem;C:\WINDOWS\System32\WindowsPowerShell\v1.0\;C:\WINDOWS\System32\OpenSSH\;C:\Program Files\Git\cmd;C:\Program Files\Java\jdk-17.0.1\bin;C:\Program Files (x86)\Microsoft SQL Server\150\DTS\Binn\;C:\Program Files\Microsoft SQL Server\Client SDK\ODBC\170\Tools\Binn\;C:\Program Files (x86)\Microsoft SQL Server\150\Tools\Binn\;C:\Program Files\Microsoft SQL Server\150\Tools\Binn\;C:\Program Files\Microsoft SQL Server\150\DTS\Binn\;C:\Program Files\PuTTY\;C:\ProgramData\chocolatey\bin;C:\Program Files\Java\jdk-17.0.1\bin;C:\Users\johns\AppData\Local\rasjani\WebDriverManager\chrome\105.0.5195.52\chromedriver_win32;C:\Users\johns\AppData\Local\rasjani\WebDriverManager\gecko\v0.31.0\geckodriver-v0.31.0-win64;C:\Program Files\nodejs\;C:\Users\johns\AppData\Local\Microsoft\WindowsApps;C:\Users\johns\AppData\Local\Programs\Microsoft VS Code\bin;C:\Users\johns\Desktop\sqlite-tools-win32-x86-3370000;C:\Program Files\Azure Data Studio\bin;C:\Users\johns\AppData\Local\GitHubDesktop\bin;C:\Program Files\Maven\apache-maven-3.8.6\bin;C:\Program Files (x86)\GnuWin32\bin\;C:\Program Files\Java\jdk-17.0.1\bin;C:\Program Files\Gradle\gradle-7.5.1\bin;C:\Users\johns\AppData\Local\Programs\Python\Python310;C:\Users\johns\AppData\Local\Programs\Python\Python310\Scripts;C:\Users\johns\AppData\Local\rasjani\WebDriverManager\chrome\105.0.5195.52\chromedriver_win32;C:\Users\johns\AppData\Local\rasjani\WebDriverManager\gecko\v0.31.0\geckodriver-v0.31.0-win64;C:\Users\johns\AppData\Roaming\npm;
USERNAME=johns
OS=Windows_NT
PROCESSOR_IDENTIFIER=Intel64 Family 6 Model 140 Stepping 1, GenuineIntel
TMP=C:\Users\johns\AppData\Local\Temp
TEMP=C:\Users\johns\AppData\Local\Temp



---------------  S Y S T E M  ---------------

OS:
 Windows 11 , 64 bit Build 22000 (10.0.22000.708)
OS uptime: 4 days 15:37 hours
Hyper-V role detected

CPU: total 8 (initial active 8) (4 cores per cpu, 2 threads per core) family 6 model 140 stepping 1 microcode 0x86, cx8, cmov, fxsr, ht, mmx, 3dnowpref, sse, sse2, sse3, ssse3, sse4.1, sse4.2, popcnt, lzcnt, tsc, tscinvbit, avx, avx2, aes, erms, clmul, bmi1, bmi2, adx, avx512f, avx512dq, avx512cd, avx512bw, avx512vl, sha, fma, vzeroupper, avx512_vpopcntdq, avx512_vpclmulqdq, avx512_vaes, avx512_vnni, clflush, clflushopt, clwb, avx512_vbmi2, avx512_vbmi, hv

Memory: 4k page, system-wide physical 16167M (2003M free)
TotalPageFile size 20903M (AvailPageFile size 191M)
current process WorkingSet (physical memory assigned to process): 10M, peak: 10M
current process commit charge ("private bytes"): 55M, peak: 309M

vm_info: OpenJDK 64-Bit Server VM (17.0.4.1+1) for windows-amd64 JRE (17.0.4.1+1), built on Aug 17 2022 07:42:43 by "temurin" with MS VC++ 16.7 (VS2019)

END.
