#
# There is insufficient memory for the Java Runtime Environment to continue.
# Native memory allocation (malloc) failed to allocate 2097152 bytes for AllocateHeap
# Possible reasons:
#   The system is out of physical RAM or swap space
#   The process is running with CompressedOops enabled, and the Java Heap may be blocking the growth of the native heap
# Possible solutions:
#   Reduce memory load on the system
#   Increase physical memory or swap space
#   Check if swap backing store is full
#   Decrease Java heap size (-Xmx/-Xms)
#   Decrease number of Java threads
#   Decrease Java thread stack sizes (-Xss)
#   Set larger code cache with -XX:ReservedCodeCacheSize=
#   JVM is running with Zero Based Compressed Oops mode in which the Java heap is
#     placed in the first 32GB address space. The Java Heap base address is the
#     maximum limit for the native heap growth. Please use -XX:HeapBaseMinAddress
#     to set the Java Heap base and to place the Java Heap above 32GB virtual address.
# This output file may be truncated or incomplete.
#
#  Out of Memory Error (allocation.cpp:44), pid=62688, tid=62936
#
# JRE version: OpenJDK Runtime Environment Temurin-17.0.4.1+1 (17.0.4.1+1) (build 17.0.4.1+1)
# Java VM: OpenJDK 64-Bit Server VM Temurin-17.0.4.1+1 (17.0.4.1+1, mixed mode, emulated-client, tiered, compressed oops, compressed class ptrs, g1 gc, windows-amd64)
# No core dump will be written. Minidumps are not enabled by default on client versions of Windows
#

---------------  S U M M A R Y ------------

Command Line: -Dsts.lsp.client=vscode -Dsts.log.file=/dev/null -XX:TieredStopAtLevel=1 -Xlog:jni+resolve=off -Dspring.config.location=file:c:\Users\johns\.vscode\extensions\pivotal.vscode-spring-boot-1.40.0\language-server\BOOT-INF\classes\application.properties org.springframework.ide.vscode.boot.app.BootLanguageServerBootApp

Host: 11th Gen Intel(R) Core(TM) i7-1165G7 @ 2.80GHz, 8 cores, 15G,  Windows 11 , 64 bit Build 22000 (10.0.22000.708)
Time: Tue Nov 15 13:02:46 2022 India Standard Time elapsed time: 2804.142940 seconds (0d 0h 46m 44s)

---------------  T H R E A D  ---------------

Current thread (0x000001e9fb811970):  VMThread "VM Thread" [stack: 0x00000019ad200000,0x00000019ad300000] [id=62936]

Stack: [0x00000019ad200000,0x00000019ad300000]
Native frames: (J=compiled Java code, j=interpreted, Vv=VM code, C=native code)
V  [jvm.dll+0x67731a]
V  [jvm.dll+0x832284]
V  [jvm.dll+0x833a2e]
V  [jvm.dll+0x834093]
V  [jvm.dll+0x245775]
V  [jvm.dll+0xa6393]
V  [jvm.dll+0x2f59c1]
V  [jvm.dll+0x2f1640]
V  [jvm.dll+0x2d9d27]
V  [jvm.dll+0x31ce37]
V  [jvm.dll+0x83853b]
V  [jvm.dll+0x839274]
V  [jvm.dll+0x83978c]
V  [jvm.dll+0x839b64]
V  [jvm.dll+0x839c30]
V  [jvm.dll+0x7e240a]
V  [jvm.dll+0x6761a5]
C  [ucrtbase.dll+0x26c0c]
C  [KERNEL32.DLL+0x154e0]
C  [ntdll.dll+0x485b]

VM_Operation (0x00000019ae0fead0): G1CollectFull, mode: safepoint, requested by thread 0x000001e9fd56a370


---------------  P R O C E S S  ---------------

Threads class SMR info:
_java_thread_list=0x000001e98025a3e0, length=22, elements={
0x000001e9facee750, 0x000001e9fb835490, 0x000001e9fb86f540, 0x000001e9fb86fe00,
0x000001e9fb8706c0, 0x000001e9fb870f80, 0x000001e9fb871840, 0x000001e9fb87d650,
0x000001e9fbac2470, 0x000001e9fbac3950, 0x000001e9fd4d66f0, 0x000001e9fd56a370,
0x000001e9fc141500, 0x000001e9e6e59ef0, 0x000001e9fc141eb0, 0x000001e9fd3506b0,
0x000001e9fd6f4010, 0x000001e9fd7606d0, 0x000001e9fd626e70, 0x000001e9fd624320,
0x000001e9fd627340, 0x000001e9fd6264d0
}

Java Threads: ( => current thread )
  0x000001e9facee750 JavaThread "Reference Handler" daemon [_thread_blocked, id=18188, stack(0x00000019ad300000,0x00000019ad400000)]
  0x000001e9fb835490 JavaThread "Finalizer" daemon [_thread_blocked, id=53172, stack(0x00000019ad400000,0x00000019ad500000)]
  0x000001e9fb86f540 JavaThread "Signal Dispatcher" daemon [_thread_blocked, id=60044, stack(0x00000019ad500000,0x00000019ad600000)]
  0x000001e9fb86fe00 JavaThread "Attach Listener" daemon [_thread_blocked, id=49520, stack(0x00000019ad600000,0x00000019ad700000)]
  0x000001e9fb8706c0 JavaThread "Service Thread" daemon [_thread_blocked, id=44556, stack(0x00000019ad700000,0x00000019ad800000)]
  0x000001e9fb870f80 JavaThread "Monitor Deflation Thread" daemon [_thread_blocked, id=40460, stack(0x00000019ad800000,0x00000019ad900000)]
  0x000001e9fb871840 JavaThread "C1 CompilerThread0" daemon [_thread_blocked, id=21728, stack(0x00000019ad900000,0x00000019ada00000)]
  0x000001e9fb87d650 JavaThread "Sweeper thread" daemon [_thread_blocked, id=60308, stack(0x00000019ada00000,0x00000019adb00000)]
  0x000001e9fbac2470 JavaThread "Notification Thread" daemon [_thread_blocked, id=51204, stack(0x00000019adc00000,0x00000019add00000)]
  0x000001e9fbac3950 JavaThread "Common-Cleaner" daemon [_thread_blocked, id=50064, stack(0x00000019ade00000,0x00000019adf00000)]
  0x000001e9fd4d66f0 JavaThread "boundedElastic-evictor-1" daemon [_thread_blocked, id=59532, stack(0x00000019ae800000,0x00000019ae900000)]
  0x000001e9fd56a370 JavaThread "pool-9-thread-1" [_thread_blocked, id=24312, stack(0x00000019ae000000,0x00000019ae100000)]
  0x000001e9fc141500 JavaThread "LanguageServerApp-lifecycle" [_thread_blocked, id=46100, stack(0x00000019aea00000,0x00000019aeb00000)]
  0x000001e9e6e59ef0 JavaThread "DestroyJavaVM" [_thread_blocked, id=56484, stack(0x00000019acc00000,0x00000019acd00000)]
  0x000001e9fc141eb0 JavaThread "pool-10-thread-1" [_thread_in_native, id=48680, stack(0x00000019aeb00000,0x00000019aec00000)]
  0x000001e9fd3506b0 JavaThread "Simple-Language-Server main thread" daemon [_thread_blocked, id=63132, stack(0x00000019aec00000,0x00000019aed00000)]
  0x000001e9fd6f4010 JavaThread "parallel-1" daemon [_thread_blocked, id=63452, stack(0x00000019aee00000,0x00000019aef00000)]
  0x000001e9fd7606d0 JavaThread "Reconciler-1" daemon [_thread_blocked, id=45348, stack(0x00000019aef00000,0x00000019af000000)]
  0x000001e9fd626e70 JavaThread "parallel-2" daemon [_thread_blocked, id=33688, stack(0x00000019afe00000,0x00000019aff00000)]
  0x000001e9fd624320 JavaThread "pool-5-thread-1" [_thread_blocked, id=23136, stack(0x00000019b0300000,0x00000019b0400000)]
  0x000001e9fd627340 JavaThread "parallel-3" daemon [_thread_blocked, id=18496, stack(0x00000019b0400000,0x00000019b0500000)]
  0x000001e9fd6264d0 JavaThread "parallel-4" daemon [_thread_blocked, id=63824, stack(0x00000019af000000,0x00000019af100000)]

Other Threads:
=>0x000001e9fb811970 VMThread "VM Thread" [stack: 0x00000019ad200000,0x00000019ad300000] [id=62936]
  0x000001e9e6ef8730 WatcherThread [stack: 0x00000019add00000,0x00000019ade00000] [id=53796]
  0x000001e9e6ec6590 GCTaskThread "GC Thread#0" [stack: 0x00000019acd00000,0x00000019ace00000] [id=24800]
  0x000001e9fc2f0950 GCTaskThread "GC Thread#1" [stack: 0x00000019ae100000,0x00000019ae200000] [id=52336]
  0x000001e9fc3dacd0 GCTaskThread "GC Thread#2" [stack: 0x00000019ae200000,0x00000019ae300000] [id=15184]
  0x000001e9fc3daf80 GCTaskThread "GC Thread#3" [stack: 0x00000019ae300000,0x00000019ae400000] [id=55420]
  0x000001e9fc3db230 GCTaskThread "GC Thread#4" [stack: 0x00000019ae400000,0x00000019ae500000] [id=62852]
  0x000001e9fc3dbaf0 GCTaskThread "GC Thread#5" [stack: 0x00000019ae500000,0x00000019ae600000] [id=56456]
  0x000001e9fce38870 GCTaskThread "GC Thread#6" [stack: 0x00000019ae600000,0x00000019ae700000] [id=18840]
  0x000001e9fced87f0 GCTaskThread "GC Thread#7" [stack: 0x00000019ae700000,0x00000019ae800000] [id=40536]
  0x000001e9e6ed72c0 ConcurrentGCThread "G1 Main Marker" [stack: 0x00000019ace00000,0x00000019acf00000] [id=39820]
  0x000001e9e6ed9480 ConcurrentGCThread "G1 Conc#0" [stack: 0x00000019acf00000,0x00000019ad000000] [id=48832]
  0x000001e9fd119810 ConcurrentGCThread "G1 Conc#1" [stack: 0x00000019ae900000,0x00000019aea00000] [id=57180]
  0x000001e9e6f2e4a0 ConcurrentGCThread "G1 Refine#0" [stack: 0x00000019ad000000,0x00000019ad100000] [id=62864]
  0x000001e9fdbb7140 ConcurrentGCThread "G1 Refine#1" [stack: 0x00000019aff00000,0x00000019b0000000] [id=22412]
  0x000001e9fdbb7420 ConcurrentGCThread "G1 Refine#2" [stack: 0x00000019b0000000,0x00000019b0100000] [id=62104]
  0x000001e9fdaabde0 ConcurrentGCThread "G1 Refine#3" [stack: 0x00000019b0100000,0x00000019b0200000] [id=62368]
  0x000001e980334790 ConcurrentGCThread "G1 Refine#4" [stack: 0x00000019b0200000,0x00000019b0300000] [id=53664]
  0x000001e9fd84ec60 ConcurrentGCThread "G1 Refine#5" [stack: 0x00000019adf00000,0x00000019ae000000] [id=63528]
  0x000001e9fb9acc80 ConcurrentGCThread "G1 Refine#6" [stack: 0x00000019b0600000,0x00000019b0700000] [id=63640]
  0x000001e9fab764f0 ConcurrentGCThread "G1 Service" [stack: 0x00000019ad100000,0x00000019ad200000] [id=10432]

Threads with active compile tasks:

VM state: at safepoint (normal execution)

VM Mutex/Monitor currently owned by a thread:  ([mutex/lock_event])
[0x000001e9e6bfb080] Threads_lock - owner thread: 0x000001e9fb811970
[0x000001e9e6e57370] Heap_lock - owner thread: 0x000001e9fd56a370

Heap address: 0x0000000703600000, size: 4042 MB, Compressed Oops mode: Zero based, Oop shift amount: 3

CDS archive(s) not mapped
Compressed class space mapped at: 0x0000000800000000-0x0000000840000000, reserved size: 1073741824
Narrow klass base: 0x0000000800000000, Narrow klass shift: 0, Narrow klass range: 0x40000000

GC Precious Log:
 CPUs: 8 total, 8 available
 Memory: 16167M
 Large Page Support: Disabled
 NUMA Support: Disabled
 Compressed Oops: Enabled (Zero based)
 Heap Region Size: 2M
 Heap Min Capacity: 8M
 Heap Initial Capacity: 254M
 Heap Max Capacity: 4042M
 Pre-touch: Disabled
 Parallel Workers: 8
 Concurrent Workers: 2
 Concurrent Refinement Workers: 8
 Periodic GC: Disabled

Heap:
 garbage-first heap   total 96256K, used 26666K [0x0000000703600000, 0x0000000800000000)
  region size 2048K, 1 young (2048K), 0 survivors (0K)
 Metaspace       used 46725K, committed 47168K, reserved 1089536K
  class space    used 6360K, committed 6528K, reserved 1048576K

Heap Regions: E=young(eden), S=young(survivor), O=old, HS=humongous(starts), HC=humongous(continues), CS=collection set, F=free, OA=open archive, CA=closed archive, TAMS=top-at-mark-start (previous, next)
|   0|0x0000000703600000, 0x00000007037fd260, 0x0000000703800000| 99%| O|  |TAMS 0x00000007037fd260, 0x0000000703600000| Untracked 
|   1|0x0000000703800000, 0x0000000703a00000, 0x0000000703a00000|100%| O|  |TAMS 0x0000000703a00000, 0x0000000703800000| Untracked 
|   2|0x0000000703a00000, 0x0000000703bffff8, 0x0000000703c00000| 99%| O|  |TAMS 0x0000000703bffff8, 0x0000000703a00000| Untracked 
|   3|0x0000000703c00000, 0x0000000703e00000, 0x0000000703e00000|100%| O|  |TAMS 0x0000000703e00000, 0x0000000703c00000| Untracked 
|   4|0x0000000703e00000, 0x0000000703fff550, 0x0000000704000000| 99%| O|  |TAMS 0x0000000703fff550, 0x0000000703e00000| Untracked 
|   5|0x0000000704000000, 0x00000007041ffff8, 0x0000000704200000| 99%| O|  |TAMS 0x00000007041ffff8, 0x0000000704000000| Untracked 
|   6|0x0000000704200000, 0x00000007043fffe8, 0x0000000704400000| 99%| O|  |TAMS 0x00000007043fffe8, 0x0000000704200000| Untracked 
|   7|0x0000000704400000, 0x00000007045ffe00, 0x0000000704600000| 99%| O|  |TAMS 0x00000007045ffe00, 0x0000000704400000| Untracked 
|   8|0x0000000704600000, 0x00000007047fffb8, 0x0000000704800000| 99%| O|  |TAMS 0x00000007047fffb8, 0x0000000704600000| Untracked 
|   9|0x0000000704800000, 0x0000000704a00000, 0x0000000704a00000|100%| O|  |TAMS 0x0000000704a00000, 0x0000000704800000| Untracked 
|  10|0x0000000704a00000, 0x0000000704bffff0, 0x0000000704c00000| 99%| O|  |TAMS 0x0000000704bffff0, 0x0000000704a00000| Untracked 
|  11|0x0000000704c00000, 0x0000000704dfb628, 0x0000000704e00000| 99%| O|  |TAMS 0x0000000704dfb628, 0x0000000704c00000| Untracked 
|  12|0x0000000704e00000, 0x0000000704e12f50, 0x0000000705000000|  3%| O|  |TAMS 0x0000000704e00000, 0x0000000704e00000| Untracked 
|  13|0x0000000705000000, 0x0000000705000000, 0x0000000705200000|  0%| F|  |TAMS 0x0000000705000000, 0x0000000705000000| Untracked 
|  14|0x0000000705200000, 0x0000000705200000, 0x0000000705400000|  0%| F|  |TAMS 0x0000000705200000, 0x0000000705200000| Untracked 
|  15|0x0000000705400000, 0x0000000705400000, 0x0000000705600000|  0%| F|  |TAMS 0x0000000705400000, 0x0000000705400000| Untracked 
|  16|0x0000000705600000, 0x0000000705600000, 0x0000000705800000|  0%| F|  |TAMS 0x0000000705600000, 0x0000000705600000| Untracked 
|  17|0x0000000705800000, 0x0000000705800000, 0x0000000705a00000|  0%| F|  |TAMS 0x0000000705800000, 0x0000000705800000| Untracked 
|  18|0x0000000705a00000, 0x0000000705bffff0, 0x0000000705c00000| 99%| O|  |TAMS 0x0000000705bffff0, 0x0000000705a00000| Untracked 
|  19|0x0000000705c00000, 0x0000000705c00000, 0x0000000705e00000|  0%| F|  |TAMS 0x0000000705c00000, 0x0000000705c00000| Untracked 
|  20|0x0000000705e00000, 0x0000000705e00000, 0x0000000706000000|  0%| F|  |TAMS 0x0000000705e00000, 0x0000000705e00000| Untracked 
|  21|0x0000000706000000, 0x0000000706000000, 0x0000000706200000|  0%| F|  |TAMS 0x0000000706000000, 0x0000000706000000| Untracked 
|  22|0x0000000706200000, 0x0000000706200000, 0x0000000706400000|  0%| F|  |TAMS 0x0000000706200000, 0x0000000706200000| Untracked 
|  23|0x0000000706400000, 0x0000000706400000, 0x0000000706600000|  0%| F|  |TAMS 0x0000000706400000, 0x0000000706400000| Untracked 
|  24|0x0000000706600000, 0x0000000706600000, 0x0000000706800000|  0%| F|  |TAMS 0x0000000706600000, 0x0000000706600000| Untracked 
|  25|0x0000000706800000, 0x0000000706800000, 0x0000000706a00000|  0%| F|  |TAMS 0x0000000706800000, 0x0000000706800000| Untracked 
|  26|0x0000000706a00000, 0x0000000706a00000, 0x0000000706c00000|  0%| F|  |TAMS 0x0000000706a00000, 0x0000000706a00000| Untracked 
|  27|0x0000000706c00000, 0x0000000706c00000, 0x0000000706e00000|  0%| F|  |TAMS 0x0000000706c00000, 0x0000000706c00000| Untracked 
|  28|0x0000000706e00000, 0x0000000706e00000, 0x0000000707000000|  0%| F|  |TAMS 0x0000000706e00000, 0x0000000706e00000| Untracked 
|  29|0x0000000707000000, 0x0000000707000000, 0x0000000707200000|  0%| F|  |TAMS 0x0000000707000000, 0x0000000707000000| Untracked 
|  30|0x0000000707200000, 0x0000000707200000, 0x0000000707400000|  0%| F|  |TAMS 0x0000000707200000, 0x0000000707200000| Untracked 
|  31|0x0000000707400000, 0x0000000707400000, 0x0000000707600000|  0%| F|  |TAMS 0x0000000707400000, 0x0000000707400000| Untracked 
|  32|0x0000000707600000, 0x0000000707600000, 0x0000000707800000|  0%| F|  |TAMS 0x0000000707600000, 0x0000000707600000| Untracked 
|  33|0x0000000707800000, 0x0000000707800000, 0x0000000707a00000|  0%| F|  |TAMS 0x0000000707800000, 0x0000000707800000| Untracked 
|  34|0x0000000707a00000, 0x0000000707a00000, 0x0000000707c00000|  0%| F|  |TAMS 0x0000000707a00000, 0x0000000707a00000| Untracked 
|  35|0x0000000707c00000, 0x0000000707c00000, 0x0000000707e00000|  0%| F|  |TAMS 0x0000000707c00000, 0x0000000707c00000| Untracked 
|  36|0x0000000707e00000, 0x0000000707e00000, 0x0000000708000000|  0%| F|  |TAMS 0x0000000707e00000, 0x0000000707e00000| Untracked 
|  37|0x0000000708000000, 0x0000000708000000, 0x0000000708200000|  0%| F|  |TAMS 0x0000000708000000, 0x0000000708000000| Untracked 
|  38|0x0000000708200000, 0x0000000708200000, 0x0000000708400000|  0%| F|  |TAMS 0x0000000708200000, 0x0000000708200000| Untracked 
|  39|0x0000000708400000, 0x0000000708400000, 0x0000000708600000|  0%| F|  |TAMS 0x0000000708400000, 0x0000000708400000| Untracked 
|  40|0x0000000708600000, 0x0000000708600000, 0x0000000708800000|  0%| F|  |TAMS 0x0000000708600000, 0x0000000708600000| Untracked 
|  41|0x0000000708800000, 0x0000000708800000, 0x0000000708a00000|  0%| F|  |TAMS 0x0000000708800000, 0x0000000708800000| Untracked 
|  42|0x0000000708a00000, 0x0000000708a00000, 0x0000000708c00000|  0%| F|  |TAMS 0x0000000708a00000, 0x0000000708a00000| Untracked 
|  43|0x0000000708c00000, 0x0000000708c00000, 0x0000000708e00000|  0%| F|  |TAMS 0x0000000708c00000, 0x0000000708c00000| Untracked 
|  44|0x0000000708e00000, 0x0000000708e00000, 0x0000000709000000|  0%| F|  |TAMS 0x0000000708e00000, 0x0000000708e00000| Untracked 
|  45|0x0000000709000000, 0x0000000709000000, 0x0000000709200000|  0%| F|  |TAMS 0x0000000709000000, 0x0000000709000000| Untracked 
|  46|0x0000000709200000, 0x000000070921bc20, 0x0000000709400000|  5%| E|  |TAMS 0x0000000709200000, 0x0000000709200000| Complete 

Card table byte_map: [0x000001e9ef390000,0x000001e9efb80000] _byte_map_base: 0x000001e9ebb75000

Marking Bits (Prev, Next): (CMBitMap*) 0x000001e9e6ec6ba0, (CMBitMap*) 0x000001e9e6ec6be0
 Prev Bits: [0x000001e9f0370000, 0x000001e9f4298000)
 Next Bits: [0x000001e9f42a0000, 0x000001e9f81c8000)

Polling page: 0x000001e9e6f30000

Metaspace:

Usage:
  Non-class:     39.42 MB used.
      Class:      6.21 MB used.
       Both:     45.63 MB used.

Virtual space:
  Non-class space:       40.00 MB reserved,      39.69 MB (>99%) committed,  5 nodes.
      Class space:        1.00 GB reserved,       6.38 MB ( <1%) committed,  1 nodes.
             Both:        1.04 GB reserved,      46.06 MB (  4%) committed. 

Chunk freelists:
   Non-Class:  215.00 KB
       Class:  1.69 MB
        Both:  1.90 MB

MaxMetaspaceSize: unlimited
CompressedClassSpaceSize: 1.00 GB
Initial GC threshold: 21.00 MB
Current GC threshold: 76.81 MB
CDS: off
MetaspaceReclaimPolicy: balanced
 - commit_granule_bytes: 65536.
 - commit_granule_words: 8192.
 - virtual_space_node_default_size: 1048576.
 - enlarge_chunks_in_place: 1.
 - new_chunks_are_fully_committed: 0.
 - uncommit_free_chunks: 1.
 - use_allocation_guard: 0.
 - handle_deallocations: 1.


Internal statistics:

num_allocs_failed_limit: 6.
num_arena_births: 442.
num_arena_deaths: 118.
num_vsnodes_births: 6.
num_vsnodes_deaths: 0.
num_space_committed: 737.
num_space_uncommitted: 0.
num_chunks_returned_to_freelist: 144.
num_chunks_taken_from_freelist: 1882.
num_chunk_merges: 51.
num_chunk_splits: 1328.
num_chunks_enlarged: 1052.
num_purges: 6.
num_inconsistent_stats: 0.

CodeCache: size=49152Kb used=11625Kb max_used=13076Kb free=37526Kb
 bounds [0x000001e9eb2c0000, 0x000001e9ebf90000, 0x000001e9ee2c0000]
 total_blobs=6690 nmethods=6125 adapters=492
 compilation: enabled
              stopped_count=0, restarted_count=0
 full_count=0

Compilation events (20 events):
Event: 2793.132 Thread 0x000001e9fb871840 6115       1       java.lang.Process::<init> (5 bytes)
Event: 2793.132 Thread 0x000001e9fb871840 nmethod 6115 0x000001e9ebc89290 code [0x000001e9ebc89420, 0x000001e9ebc894d8]
Event: 2793.133 Thread 0x000001e9fb871840 6117       1       java.lang.invoke.Invokers$Holder::linkToTargetMethod (9 bytes)
Event: 2793.133 Thread 0x000001e9fb871840 nmethod 6117 0x000001e9ebc88f10 code [0x000001e9ebc890c0, 0x000001e9ebc891d8]
Event: 2793.133 Thread 0x000001e9fb871840 6118       1       java.lang.invoke.LambdaForm$DMH/0x000000080065c400::newInvokeSpecial (23 bytes)
Event: 2793.133 Thread 0x000001e9fb871840 nmethod 6118 0x000001e9ebc88a10 code [0x000001e9ebc88bc0, 0x000001e9ebc88d68]
Event: 2793.133 Thread 0x000001e9fb871840 6119       1       java.lang.ProcessImpl$$Lambda$661/0x000000080047b050::<init> (10 bytes)
Event: 2793.134 Thread 0x000001e9fb871840 nmethod 6119 0x000001e9ebc88710 code [0x000001e9ebc888a0, 0x000001e9ebc88978]
Event: 2793.654 Thread 0x000001e9fb871840 6120   !   1       java.io.FilterOutputStream::close (183 bytes)
Event: 2793.749 Thread 0x000001e9fb871840 nmethod 6120 0x000001e9ebc87590 code [0x000001e9ebc877a0, 0x000001e9ebc87c98]
Event: 2793.749 Thread 0x000001e9fb871840 6125       1       java.lang.ProcessImpl$$Lambda$661/0x000000080047b050::run (8 bytes)
Event: 2793.749 Thread 0x000001e9fb871840 nmethod 6125 0x000001e9ebc87290 code [0x000001e9ebc87420, 0x000001e9ebc87508]
Event: 2793.749 Thread 0x000001e9fb871840 6126       1       java.lang.ProcessImpl::lambda$new$0 (6 bytes)
Event: 2793.749 Thread 0x000001e9fb871840 nmethod 6126 0x000001e9ebc86f90 code [0x000001e9ebc87120, 0x000001e9ebc871e8]
Event: 2793.749 Thread 0x000001e9fb871840 6121   !   1       java.io.FileOutputStream::close (69 bytes)
Event: 2793.750 Thread 0x000001e9fb871840 nmethod 6121 0x000001e9ebc86910 code [0x000001e9ebc86ae0, 0x000001e9ebc86e58]
Event: 2793.750 Thread 0x000001e9fb871840 6122       1       java.io.FileOutputStream$1::<init> (10 bytes)
Event: 2793.751 Thread 0x000001e9fb871840 nmethod 6122 0x000001e9ebc86610 code [0x000001e9ebc867a0, 0x000001e9ebc868b8]
Event: 2793.751 Thread 0x000001e9fb871840 6123       1       java.io.FileOutputStream$1::close (11 bytes)
Event: 2793.751 Thread 0x000001e9fb871840 nmethod 6123 0x000001e9ebc85f90 code [0x000001e9ebc86140, 0x000001e9ebc86458]

GC Heap History (20 events):
Event: 2698.106 GC heap before
{Heap before GC invocations=272 (full 246):
 garbage-first heap   total 96256K, used 26674K [0x0000000703600000, 0x0000000800000000)
  region size 2048K, 1 young (2048K), 0 survivors (0K)
 Metaspace       used 46725K, committed 47168K, reserved 1089536K
  class space    used 6360K, committed 6528K, reserved 1048576K
}
Event: 2698.203 GC heap after
{Heap after GC invocations=273 (full 247):
 garbage-first heap   total 96256K, used 26674K [0x0000000703600000, 0x0000000800000000)
  region size 2048K, 0 young (0K), 0 survivors (0K)
 Metaspace       used 46725K, committed 47168K, reserved 1089536K
  class space    used 6360K, committed 6528K, reserved 1048576K
}
Event: 2708.708 GC heap before
{Heap before GC invocations=273 (full 247):
 garbage-first heap   total 96256K, used 26674K [0x0000000703600000, 0x0000000800000000)
  region size 2048K, 1 young (2048K), 0 survivors (0K)
 Metaspace       used 46725K, committed 47168K, reserved 1089536K
  class space    used 6360K, committed 6528K, reserved 1048576K
}
Event: 2708.807 GC heap after
{Heap after GC invocations=274 (full 248):
 garbage-first heap   total 96256K, used 26674K [0x0000000703600000, 0x0000000800000000)
  region size 2048K, 0 young (0K), 0 survivors (0K)
 Metaspace       used 46725K, committed 47168K, reserved 1089536K
  class space    used 6360K, committed 6528K, reserved 1048576K
}
Event: 2719.348 GC heap before
{Heap before GC invocations=274 (full 248):
 garbage-first heap   total 96256K, used 26674K [0x0000000703600000, 0x0000000800000000)
  region size 2048K, 1 young (2048K), 0 survivors (0K)
 Metaspace       used 46725K, committed 47168K, reserved 1089536K
  class space    used 6360K, committed 6528K, reserved 1048576K
}
Event: 2719.445 GC heap after
{Heap after GC invocations=275 (full 249):
 garbage-first heap   total 96256K, used 26675K [0x0000000703600000, 0x0000000800000000)
  region size 2048K, 0 young (0K), 0 survivors (0K)
 Metaspace       used 46725K, committed 47168K, reserved 1089536K
  class space    used 6360K, committed 6528K, reserved 1048576K
}
Event: 2729.902 GC heap before
{Heap before GC invocations=275 (full 249):
 garbage-first heap   total 96256K, used 26675K [0x0000000703600000, 0x0000000800000000)
  region size 2048K, 1 young (2048K), 0 survivors (0K)
 Metaspace       used 46725K, committed 47168K, reserved 1089536K
  class space    used 6360K, committed 6528K, reserved 1048576K
}
Event: 2729.998 GC heap after
{Heap after GC invocations=276 (full 250):
 garbage-first heap   total 96256K, used 26666K [0x0000000703600000, 0x0000000800000000)
  region size 2048K, 0 young (0K), 0 survivors (0K)
 Metaspace       used 46725K, committed 47168K, reserved 1089536K
  class space    used 6360K, committed 6528K, reserved 1048576K
}
Event: 2740.547 GC heap before
{Heap before GC invocations=276 (full 250):
 garbage-first heap   total 96256K, used 26666K [0x0000000703600000, 0x0000000800000000)
  region size 2048K, 1 young (2048K), 0 survivors (0K)
 Metaspace       used 46725K, committed 47168K, reserved 1089536K
  class space    used 6360K, committed 6528K, reserved 1048576K
}
Event: 2740.645 GC heap after
{Heap after GC invocations=277 (full 251):
 garbage-first heap   total 96256K, used 26666K [0x0000000703600000, 0x0000000800000000)
  region size 2048K, 0 young (0K), 0 survivors (0K)
 Metaspace       used 46725K, committed 47168K, reserved 1089536K
  class space    used 6360K, committed 6528K, reserved 1048576K
}
Event: 2751.144 GC heap before
{Heap before GC invocations=277 (full 251):
 garbage-first heap   total 96256K, used 26666K [0x0000000703600000, 0x0000000800000000)
  region size 2048K, 1 young (2048K), 0 survivors (0K)
 Metaspace       used 46725K, committed 47168K, reserved 1089536K
  class space    used 6360K, committed 6528K, reserved 1048576K
}
Event: 2751.229 GC heap after
{Heap after GC invocations=278 (full 252):
 garbage-first heap   total 96256K, used 26666K [0x0000000703600000, 0x0000000800000000)
  region size 2048K, 0 young (0K), 0 survivors (0K)
 Metaspace       used 46725K, committed 47168K, reserved 1089536K
  class space    used 6360K, committed 6528K, reserved 1048576K
}
Event: 2761.740 GC heap before
{Heap before GC invocations=278 (full 252):
 garbage-first heap   total 96256K, used 26666K [0x0000000703600000, 0x0000000800000000)
  region size 2048K, 1 young (2048K), 0 survivors (0K)
 Metaspace       used 46725K, committed 47168K, reserved 1089536K
  class space    used 6360K, committed 6528K, reserved 1048576K
}
Event: 2761.840 GC heap after
{Heap after GC invocations=279 (full 253):
 garbage-first heap   total 96256K, used 26666K [0x0000000703600000, 0x0000000800000000)
  region size 2048K, 0 young (0K), 0 survivors (0K)
 Metaspace       used 46725K, committed 47168K, reserved 1089536K
  class space    used 6360K, committed 6528K, reserved 1048576K
}
Event: 2772.368 GC heap before
{Heap before GC invocations=279 (full 253):
 garbage-first heap   total 96256K, used 26666K [0x0000000703600000, 0x0000000800000000)
  region size 2048K, 1 young (2048K), 0 survivors (0K)
 Metaspace       used 46725K, committed 47168K, reserved 1089536K
  class space    used 6360K, committed 6528K, reserved 1048576K
}
Event: 2772.463 GC heap after
{Heap after GC invocations=280 (full 254):
 garbage-first heap   total 96256K, used 26666K [0x0000000703600000, 0x0000000800000000)
  region size 2048K, 0 young (0K), 0 survivors (0K)
 Metaspace       used 46725K, committed 47168K, reserved 1089536K
  class space    used 6360K, committed 6528K, reserved 1048576K
}
Event: 2783.002 GC heap before
{Heap before GC invocations=280 (full 254):
 garbage-first heap   total 96256K, used 26666K [0x0000000703600000, 0x0000000800000000)
  region size 2048K, 1 young (2048K), 0 survivors (0K)
 Metaspace       used 46725K, committed 47168K, reserved 1089536K
  class space    used 6360K, committed 6528K, reserved 1048576K
}
Event: 2783.095 GC heap after
{Heap after GC invocations=281 (full 255):
 garbage-first heap   total 96256K, used 26666K [0x0000000703600000, 0x0000000800000000)
  region size 2048K, 0 young (0K), 0 survivors (0K)
 Metaspace       used 46725K, committed 47168K, reserved 1089536K
  class space    used 6360K, committed 6528K, reserved 1048576K
}
Event: 2793.655 GC heap before
{Heap before GC invocations=281 (full 255):
 garbage-first heap   total 96256K, used 26666K [0x0000000703600000, 0x0000000800000000)
  region size 2048K, 1 young (2048K), 0 survivors (0K)
 Metaspace       used 46725K, committed 47168K, reserved 1089536K
  class space    used 6360K, committed 6528K, reserved 1048576K
}
Event: 2793.747 GC heap after
{Heap after GC invocations=282 (full 256):
 garbage-first heap   total 96256K, used 26666K [0x0000000703600000, 0x0000000800000000)
  region size 2048K, 0 young (0K), 0 survivors (0K)
 Metaspace       used 46725K, committed 47168K, reserved 1089536K
  class space    used 6360K, committed 6528K, reserved 1048576K
}

Deoptimization events (20 events):
Event: 19.550 Thread 0x000001e9fd665070 DEOPT PACKING pc=0x000001e9eb9e9693 sp=0x00000019aedfe550
Event: 19.550 Thread 0x000001e9fd665070 DEOPT UNPACKING pc=0x000001e9eb316763 sp=0x00000019aedfda98 mode 3
Event: 19.830 Thread 0x000001e9fd763bc0 DEOPT PACKING pc=0x000001e9eb829f09 sp=0x00000019afafeb50
Event: 19.830 Thread 0x000001e9fd763bc0 DEOPT UNPACKING pc=0x000001e9eb316763 sp=0x00000019afafdfe0 mode 3
Event: 20.131 Thread 0x000001e9fd622fe0 DEOPT PACKING pc=0x000001e9eb82649f sp=0x00000019afcfef50
Event: 20.131 Thread 0x000001e9fd622fe0 DEOPT UNPACKING pc=0x000001e9eb316763 sp=0x00000019afcfe3a8 mode 3
Event: 29.562 Thread 0x000001e9fd665070 DEOPT PACKING pc=0x000001e9eb838b62 sp=0x00000019aedfd600
Event: 29.562 Thread 0x000001e9fd665070 DEOPT UNPACKING pc=0x000001e9eb316763 sp=0x00000019aedfcb08 mode 3
Event: 30.645 Thread 0x000001e9fd665070 DEOPT PACKING pc=0x000001e9ebf05abc sp=0x00000019aedfde60
Event: 30.645 Thread 0x000001e9fd665070 DEOPT UNPACKING pc=0x000001e9eb316763 sp=0x00000019aedfd358 mode 0
Event: 30.645 Thread 0x000001e9fd665070 DEOPT PACKING pc=0x000001e9ebed53b4 sp=0x00000019aedfdf30
Event: 30.645 Thread 0x000001e9fd665070 DEOPT UNPACKING pc=0x000001e9eb316763 sp=0x00000019aedfd408 mode 0
Event: 30.645 Thread 0x000001e9fd665070 DEOPT PACKING pc=0x000001e9ebed1ffc sp=0x00000019aedfdfe0
Event: 30.645 Thread 0x000001e9fd665070 DEOPT UNPACKING pc=0x000001e9eb316763 sp=0x00000019aedfd560 mode 0
Event: 30.647 Thread 0x000001e9fd665070 DEOPT PACKING pc=0x000001e9ebf2e11c sp=0x00000019aedfe2e0
Event: 30.647 Thread 0x000001e9fd665070 DEOPT UNPACKING pc=0x000001e9eb316763 sp=0x00000019aedfd770 mode 0
Event: 31.074 Thread 0x000001e9fd665070 DEOPT PACKING pc=0x000001e9ebf7e7d5 sp=0x00000019aedfed40
Event: 31.074 Thread 0x000001e9fd665070 DEOPT UNPACKING pc=0x000001e9eb316763 sp=0x00000019aedfe1e8 mode 3
Event: 282.946 Thread 0x000001e9fc141eb0 DEOPT PACKING pc=0x000001e9eb969bd4 sp=0x00000019aebff2f0
Event: 282.946 Thread 0x000001e9fc141eb0 DEOPT UNPACKING pc=0x000001e9eb316763 sp=0x00000019aebfe798 mode 0

Classes unloaded (20 events):
Event: 111.420 Thread 0x000001e9fb811970 Unloading class 0x00000008000d0000 'java/lang/invoke/LambdaForm$MH+0x00000008000d0000'
Event: 121.962 Thread 0x000001e9fb811970 Unloading class 0x000000080065c800 'java/lang/invoke/LambdaForm$DMH+0x000000080065c800'
Event: 121.963 Thread 0x000001e9fb811970 Unloading class 0x0000000800652800 'jdk/internal/reflect/GeneratedConstructorAccessor27'
Event: 121.963 Thread 0x000001e9fb811970 Unloading class 0x0000000800652400 'jdk/internal/reflect/GeneratedConstructorAccessor26'
Event: 121.963 Thread 0x000001e9fb811970 Unloading class 0x0000000800652000 'jdk/internal/reflect/GeneratedConstructorAccessor25'
Event: 121.963 Thread 0x000001e9fb811970 Unloading class 0x0000000800651c00 'jdk/internal/reflect/GeneratedConstructorAccessor24'
Event: 121.963 Thread 0x000001e9fb811970 Unloading class 0x0000000800651800 'jdk/internal/reflect/GeneratedConstructorAccessor23'
Event: 121.963 Thread 0x000001e9fb811970 Unloading class 0x0000000800651400 'jdk/internal/reflect/GeneratedConstructorAccessor22'
Event: 121.963 Thread 0x000001e9fb811970 Unloading class 0x0000000800651000 'jdk/internal/reflect/GeneratedConstructorAccessor21'
Event: 121.963 Thread 0x000001e9fb811970 Unloading class 0x0000000800650c00 'jdk/internal/reflect/GeneratedConstructorAccessor20'
Event: 121.963 Thread 0x000001e9fb811970 Unloading class 0x0000000800650800 'jdk/internal/reflect/GeneratedConstructorAccessor19'
Event: 121.963 Thread 0x000001e9fb811970 Unloading class 0x0000000800650400 'jdk/internal/reflect/GeneratedConstructorAccessor18'
Event: 121.963 Thread 0x000001e9fb811970 Unloading class 0x0000000800610000 'jdk/internal/reflect/GeneratedMethodAccessor29'
Event: 121.963 Thread 0x000001e9fb811970 Unloading class 0x00000008004f4400 'java/lang/invoke/LambdaForm$MH+0x00000008004f4400'
Event: 121.963 Thread 0x000001e9fb811970 Unloading class 0x00000008004f4000 'java/lang/invoke/LambdaForm$MH+0x00000008004f4000'
Event: 121.963 Thread 0x000001e9fb811970 Unloading class 0x00000008004f3c00 'java/lang/invoke/LambdaForm$MH+0x00000008004f3c00'
Event: 121.963 Thread 0x000001e9fb811970 Unloading class 0x00000008004f3800 'java/lang/invoke/LambdaForm$MH+0x00000008004f3800'
Event: 121.963 Thread 0x000001e9fb811970 Unloading class 0x00000008004f3400 'java/lang/invoke/LambdaForm$MH+0x00000008004f3400'
Event: 121.963 Thread 0x000001e9fb811970 Unloading class 0x00000008004f3000 'java/lang/invoke/LambdaForm$MH+0x00000008004f3000'
Event: 121.963 Thread 0x000001e9fb811970 Unloading class 0x000000080034d000 'java/lang/invoke/LambdaForm$MH+0x000000080034d000'

Classes redefined (0 events):
No events

Internal exceptions (20 events):
Event: 29.082 Thread 0x000001e9fd622fe0 Exception <a 'sun/nio/fs/WindowsException'{0x0000000733fc8a38}> (0x0000000733fc8a38) 
thrown [s\src\hotspot\share\prims\jni.cpp, line 516]
Event: 29.082 Thread 0x000001e9fd622fe0 Exception <a 'sun/nio/fs/WindowsException'{0x0000000733fc9428}> (0x0000000733fc9428) 
thrown [s\src\hotspot\share\prims\jni.cpp, line 516]
Event: 29.082 Thread 0x000001e9fd622fe0 Exception <a 'sun/nio/fs/WindowsException'{0x0000000733fc97d0}> (0x0000000733fc97d0) 
thrown [s\src\hotspot\share\prims\jni.cpp, line 516]
Event: 29.082 Thread 0x000001e9fd622fe0 Exception <a 'sun/nio/fs/WindowsException'{0x0000000733fca1d0}> (0x0000000733fca1d0) 
thrown [s\src\hotspot\share\prims\jni.cpp, line 516]
Event: 29.083 Thread 0x000001e9fd622fe0 Exception <a 'sun/nio/fs/WindowsException'{0x0000000733fca590}> (0x0000000733fca590) 
thrown [s\src\hotspot\share\prims\jni.cpp, line 516]
Event: 29.083 Thread 0x000001e9fd622fe0 Exception <a 'sun/nio/fs/WindowsException'{0x0000000733fcaf90}> (0x0000000733fcaf90) 
thrown [s\src\hotspot\share\prims\jni.cpp, line 516]
Event: 29.083 Thread 0x000001e9fd622fe0 Exception <a 'sun/nio/fs/WindowsException'{0x0000000733fcb340}> (0x0000000733fcb340) 
thrown [s\src\hotspot\share\prims\jni.cpp, line 516]
Event: 29.083 Thread 0x000001e9fd622fe0 Exception <a 'sun/nio/fs/WindowsException'{0x0000000733fcbd40}> (0x0000000733fcbd40) 
thrown [s\src\hotspot\share\prims\jni.cpp, line 516]
Event: 29.083 Thread 0x000001e9fd622fe0 Exception <a 'sun/nio/fs/WindowsException'{0x0000000733fcc100}> (0x0000000733fcc100) 
thrown [s\src\hotspot\share\prims\jni.cpp, line 516]
Event: 29.083 Thread 0x000001e9fd622fe0 Exception <a 'sun/nio/fs/WindowsException'{0x0000000733fccb28}> (0x0000000733fccb28) 
thrown [s\src\hotspot\share\prims\jni.cpp, line 516]
Event: 29.084 Thread 0x000001e9fd622fe0 Exception <a 'sun/nio/fs/WindowsException'{0x0000000733fccf08}> (0x0000000733fccf08) 
thrown [s\src\hotspot\share\prims\jni.cpp, line 516]
Event: 29.084 Thread 0x000001e9fd622fe0 Exception <a 'sun/nio/fs/WindowsException'{0x0000000733fcd940}> (0x0000000733fcd940) 
thrown [s\src\hotspot\share\prims\jni.cpp, line 516]
Event: 29.084 Thread 0x000001e9fd622fe0 Exception <a 'sun/nio/fs/WindowsException'{0x0000000733fcdd30}> (0x0000000733fcdd30) 
thrown [s\src\hotspot\share\prims\jni.cpp, line 516]
Event: 29.086 Thread 0x000001e9fd622fe0 Exception <a 'sun/nio/fs/WindowsException'{0x0000000733fce758}> (0x0000000733fce758) 
thrown [s\src\hotspot\share\prims\jni.cpp, line 516]
Event: 29.086 Thread 0x000001e9fd622fe0 Exception <a 'sun/nio/fs/WindowsException'{0x0000000733fceb48}> (0x0000000733fceb48) 
thrown [s\src\hotspot\share\prims\jni.cpp, line 516]
Event: 68.794 Thread 0x000001e9fd56a370 Exception <a 'java/lang/NoSuchMethodError'{0x0000000727a01d58}: 'void java.lang.invoke.DirectMethodHandle$Holder.invokeStatic(java.lang.Object, long)'> (0x0000000727a01d58) 
thrown [s\src\hotspot\share\interpreter\linkResolver.cpp, line 759]
Event: 68.796 Thread 0x000001e9fd56a370 Exception <a 'java/lang/NoSuchMethodError'{0x0000000727a07100}: 'java.lang.Object java.lang.invoke.DirectMethodHandle$Holder.newInvokeSpecial(java.lang.Object, long)'> (0x0000000727a07100) 
thrown [s\src\hotspot\share\interpreter\linkResolver.cpp, line 759]
Event: 68.798 Thread 0x000001e9fd56a370 Exception <a 'java/lang/NoSuchMethodError'{0x0000000727a0dc78}: 'java.lang.Object java.lang.invoke.DirectMethodHandle$Holder.invokeStatic(java.lang.Object, java.lang.Object, long, java.lang.Object)'> (0x0000000727a0dc78) 
thrown [s\src\hotspot\share\interpreter\linkResolver.cpp, line 759]
Event: 68.806 Thread 0x000001e9fd56a370 Exception <a 'java/lang/NoSuchMethodError'{0x0000000727a11710}: 'java.lang.Object java.lang.invoke.DirectMethodHandle$Holder.invokeStaticInit(java.lang.Object, java.lang.Object, long, java.lang.Object)'> (0x0000000727a11710) 
thrown [s\src\hotspot\share\interpreter\linkResolver.cpp, line 759]
Event: 68.806 Thread 0x000001e9fd56a370 Exception <a 'java/lang/NoSuchMethodError'{0x0000000727a17a40}: 'java.lang.Object java.lang.invoke.DirectMethodHandle$Holder.newInvokeSpecial(java.lang.Object, java.lang.Object, long)'> (0x0000000727a17a40) 
thrown [s\src\hotspot\share\interpreter\linkResolver.cpp, line 759]

VM Operations (20 events):
Event: 2698.203 Executing VM operation: G1CollectFull done
Event: 2708.707 Executing VM operation: G1CollectFull
Event: 2708.807 Executing VM operation: G1CollectFull done
Event: 2719.348 Executing VM operation: G1CollectFull
Event: 2719.445 Executing VM operation: G1CollectFull done
Event: 2729.901 Executing VM operation: G1CollectFull
Event: 2729.998 Executing VM operation: G1CollectFull done
Event: 2740.547 Executing VM operation: G1CollectFull
Event: 2740.645 Executing VM operation: G1CollectFull done
Event: 2751.143 Executing VM operation: G1CollectFull
Event: 2751.230 Executing VM operation: G1CollectFull done
Event: 2761.739 Executing VM operation: G1CollectFull
Event: 2761.840 Executing VM operation: G1CollectFull done
Event: 2772.368 Executing VM operation: G1CollectFull
Event: 2772.463 Executing VM operation: G1CollectFull done
Event: 2783.002 Executing VM operation: G1CollectFull
Event: 2783.095 Executing VM operation: G1CollectFull done
Event: 2793.654 Executing VM operation: G1CollectFull
Event: 2793.748 Executing VM operation: G1CollectFull done
Event: 2804.139 Executing VM operation: G1CollectFull

Events (20 events):
Event: 36.133 Thread 0x000001e9fb983a20 Thread exited: 0x000001e9fb983a20
Event: 68.783 loading class java/lang/ProcessBuilder
Event: 68.784 loading class java/lang/ProcessBuilder done
Event: 68.784 loading class java/lang/ProcessImpl
Event: 68.785 loading class java/lang/Process
Event: 68.785 loading class java/lang/Process done
Event: 68.785 loading class java/lang/ProcessImpl done
Event: 68.796 loading class java/lang/ProcessHandleImpl
Event: 68.797 loading class java/lang/ProcessHandle
Event: 68.797 loading class java/lang/ProcessHandle done
Event: 68.797 loading class java/lang/ProcessHandleImpl done
Event: 68.807 loading class java/lang/ProcessImpl$2
Event: 68.807 loading class java/lang/ProcessImpl$2 done
Event: 68.807 loading class java/lang/Process$PipeInputStream
Event: 68.807 loading class java/lang/Process$PipeInputStream done
Event: 68.808 loading class jdk/internal/event/ProcessStartEvent
Event: 68.808 loading class jdk/internal/event/ProcessStartEvent done
Event: 69.248 loading class java/io/FileOutputStream$1
Event: 69.249 loading class java/io/FileOutputStream$1 done
Event: 91.135 Thread 0x000001e9fd665070 Thread exited: 0x000001e9fd665070


Dynamic libraries:
0x00007ff75e0f0000 - 0x00007ff75e0fe000 	c:\Users\johns\.vscode\extensions\redhat.java-1.12.0-win32-x64\jre\17.0.4.1-win32-x86_64\bin\java.exe
0x00007ffbefcc0000 - 0x00007ffbefec9000 	C:\WINDOWS\SYSTEM32\ntdll.dll
0x00007ffbeef80000 - 0x00007ffbef03d000 	C:\WINDOWS\System32\KERNEL32.DLL
0x00007ffbed4c0000 - 0x00007ffbed83c000 	C:\WINDOWS\System32\KERNELBASE.dll
0x00007ffbeda30000 - 0x00007ffbedb41000 	C:\WINDOWS\System32\ucrtbase.dll
0x00007ffbe84a0000 - 0x00007ffbe84b9000 	c:\Users\johns\.vscode\extensions\redhat.java-1.12.0-win32-x64\jre\17.0.4.1-win32-x86_64\bin\VCRUNTIME140.dll
0x00007ffbe83d0000 - 0x00007ffbe83e8000 	c:\Users\johns\.vscode\extensions\redhat.java-1.12.0-win32-x64\jre\17.0.4.1-win32-x86_64\bin\jli.dll
0x00007ffbef770000 - 0x00007ffbef91d000 	C:\WINDOWS\System32\USER32.dll
0x00007ffbed490000 - 0x00007ffbed4b6000 	C:\WINDOWS\System32\win32u.dll
0x00007ffbedd20000 - 0x00007ffbedd49000 	C:\WINDOWS\System32\GDI32.dll
0x00007ffbed370000 - 0x00007ffbed489000 	C:\WINDOWS\System32\gdi32full.dll
0x00007ffbcf6f0000 - 0x00007ffbcf995000 	C:\WINDOWS\WinSxS\amd64_microsoft.windows.common-controls_6595b64144ccf1df_6.0.22000.120_none_9d947278b86cc467\COMCTL32.dll
0x00007ffbed210000 - 0x00007ffbed2ad000 	C:\WINDOWS\System32\msvcp_win.dll
0x00007ffbedb50000 - 0x00007ffbedbf3000 	C:\WINDOWS\System32\msvcrt.dll
0x00007ffbef9c0000 - 0x00007ffbef9f1000 	C:\WINDOWS\System32\IMM32.DLL
0x00007ffbe8490000 - 0x00007ffbe849c000 	c:\Users\johns\.vscode\extensions\redhat.java-1.12.0-win32-x64\jre\17.0.4.1-win32-x86_64\bin\vcruntime140_1.dll
0x00007ffba0850000 - 0x00007ffba08e1000 	c:\Users\johns\.vscode\extensions\redhat.java-1.12.0-win32-x64\jre\17.0.4.1-win32-x86_64\bin\msvcp140.dll
0x00007ffb8e380000 - 0x00007ffb8efc6000 	c:\Users\johns\.vscode\extensions\redhat.java-1.12.0-win32-x64\jre\17.0.4.1-win32-x86_64\bin\server\jvm.dll
0x00007ffbeeea0000 - 0x00007ffbeef4e000 	C:\WINDOWS\System32\ADVAPI32.dll
0x00007ffbef0b0000 - 0x00007ffbef14e000 	C:\WINDOWS\System32\sechost.dll
0x00007ffbedc00000 - 0x00007ffbedd20000 	C:\WINDOWS\System32\RPCRT4.dll
0x00007ffbee590000 - 0x00007ffbee598000 	C:\WINDOWS\System32\PSAPI.DLL
0x00007ffbc4370000 - 0x00007ffbc4379000 	C:\WINDOWS\SYSTEM32\WSOCK32.dll
0x00007ffbe2bb0000 - 0x00007ffbe2be3000 	C:\WINDOWS\SYSTEM32\WINMM.dll
0x00007ffbef040000 - 0x00007ffbef0af000 	C:\WINDOWS\System32\WS2_32.dll
0x00007ffbe1900000 - 0x00007ffbe190a000 	C:\WINDOWS\SYSTEM32\VERSION.dll
0x00007ffbec2e0000 - 0x00007ffbec2f8000 	C:\WINDOWS\SYSTEM32\kernel.appcore.dll
0x00007ffbe8400000 - 0x00007ffbe840a000 	c:\Users\johns\.vscode\extensions\redhat.java-1.12.0-win32-x64\jre\17.0.4.1-win32-x86_64\bin\jimage.dll
0x00007ffbeaab0000 - 0x00007ffbeacd1000 	C:\WINDOWS\SYSTEM32\DBGHELP.DLL
0x00007ffbdc690000 - 0x00007ffbdc6c1000 	C:\WINDOWS\SYSTEM32\dbgcore.DLL
0x00007ffbed840000 - 0x00007ffbed8bf000 	C:\WINDOWS\System32\bcryptPrimitives.dll
0x00007ffbdff70000 - 0x00007ffbdff95000 	c:\Users\johns\.vscode\extensions\redhat.java-1.12.0-win32-x64\jre\17.0.4.1-win32-x86_64\bin\java.dll
0x00007ffbdca00000 - 0x00007ffbdca18000 	c:\Users\johns\.vscode\extensions\redhat.java-1.12.0-win32-x64\jre\17.0.4.1-win32-x86_64\bin\zip.dll
0x00007ffbee6e0000 - 0x00007ffbeee98000 	C:\WINDOWS\System32\SHELL32.dll
0x00007ffbeb2c0000 - 0x00007ffbebb28000 	C:\WINDOWS\SYSTEM32\windows.storage.dll
0x00007ffbedd50000 - 0x00007ffbee0c9000 	C:\WINDOWS\System32\combase.dll
0x00007ffbeb150000 - 0x00007ffbeb2b6000 	C:\WINDOWS\SYSTEM32\wintypes.dll
0x00007ffbefa80000 - 0x00007ffbefb6a000 	C:\WINDOWS\System32\SHCORE.dll
0x00007ffbee1c0000 - 0x00007ffbee21d000 	C:\WINDOWS\System32\shlwapi.dll
0x00007ffbed0d0000 - 0x00007ffbed0f1000 	C:\WINDOWS\SYSTEM32\profapi.dll
0x00007ffbdc890000 - 0x00007ffbdc8a9000 	C:\Users\johns\.vscode\extensions\redhat.java-1.12.0-win32-x64\jre\17.0.4.1-win32-x86_64\bin\net.dll
0x00007ffbe3ea0000 - 0x00007ffbe3fac000 	C:\WINDOWS\SYSTEM32\WINHTTP.dll
0x00007ffbec7b0000 - 0x00007ffbec817000 	C:\WINDOWS\system32\mswsock.dll
0x00007ffbdc7c0000 - 0x00007ffbdc7d5000 	C:\Users\johns\.vscode\extensions\redhat.java-1.12.0-win32-x64\jre\17.0.4.1-win32-x86_64\bin\nio.dll
0x00007ffbe3d60000 - 0x00007ffbe3d70000 	c:\Users\johns\.vscode\extensions\redhat.java-1.12.0-win32-x64\jre\17.0.4.1-win32-x86_64\bin\verify.dll
0x00007ffbe3a50000 - 0x00007ffbe3a59000 	C:\Users\johns\.vscode\extensions\redhat.java-1.12.0-win32-x64\jre\17.0.4.1-win32-x86_64\bin\management.dll
0x00007ffbe2d20000 - 0x00007ffbe2d2b000 	C:\Users\johns\.vscode\extensions\redhat.java-1.12.0-win32-x64\jre\17.0.4.1-win32-x86_64\bin\management_ext.dll
0x00007ffb901a0000 - 0x00007ffb901b7000 	C:\WINDOWS\system32\napinsp.dll
0x00007ffb90180000 - 0x00007ffb9019b000 	C:\WINDOWS\system32\pnrpnsp.dll
0x00007ffbebdb0000 - 0x00007ffbebe98000 	C:\WINDOWS\SYSTEM32\DNSAPI.dll
0x00007ffbebd80000 - 0x00007ffbebdad000 	C:\WINDOWS\SYSTEM32\IPHLPAPI.DLL
0x00007ffbeef70000 - 0x00007ffbeef79000 	C:\WINDOWS\System32\NSI.dll
0x00007ffb90160000 - 0x00007ffb90172000 	C:\WINDOWS\System32\winrnr.dll
0x00007ffbdfd10000 - 0x00007ffbdfd25000 	C:\WINDOWS\system32\wshbth.dll
0x00007ffb90140000 - 0x00007ffb9015f000 	C:\WINDOWS\system32\nlansp_c.dll
0x00007ffbe1700000 - 0x00007ffbe170a000 	C:\Windows\System32\rasadhlp.dll
0x00007ffbd9460000 - 0x00007ffbd94e1000 	C:\WINDOWS\System32\fwpuclnt.dll
0x00007ffbec9f0000 - 0x00007ffbeca08000 	C:\WINDOWS\SYSTEM32\CRYPTSP.dll
0x00007ffbec240000 - 0x00007ffbec275000 	C:\WINDOWS\system32\rsaenh.dll
0x00007ffbec8a0000 - 0x00007ffbec8c9000 	C:\WINDOWS\SYSTEM32\USERENV.dll
0x00007ffbecb80000 - 0x00007ffbecba7000 	C:\WINDOWS\SYSTEM32\bcrypt.dll
0x00007ffbeca10000 - 0x00007ffbeca1c000 	C:\WINDOWS\SYSTEM32\CRYPTBASE.dll
0x00007ffbe2860000 - 0x00007ffbe2879000 	C:\WINDOWS\SYSTEM32\dhcpcsvc6.DLL
0x00007ffbe33d0000 - 0x00007ffbe33ee000 	C:\WINDOWS\SYSTEM32\dhcpcsvc.DLL

dbghelp: loaded successfully - version: 4.0.5 - missing functions: none
symbol engine: initialized successfully - sym options: 0x614 - pdb path: .;c:\Users\johns\.vscode\extensions\redhat.java-1.12.0-win32-x64\jre\17.0.4.1-win32-x86_64\bin;C:\WINDOWS\SYSTEM32;C:\WINDOWS\WinSxS\amd64_microsoft.windows.common-controls_6595b64144ccf1df_6.0.22000.120_none_9d947278b86cc467;c:\Users\johns\.vscode\extensions\redhat.java-1.12.0-win32-x64\jre\17.0.4.1-win32-x86_64\bin\server

VM Arguments:
jvm_args: -Dsts.lsp.client=vscode -Dsts.log.file=/dev/null -XX:TieredStopAtLevel=1 -Xlog:jni+resolve=off -Dspring.config.location=file:c:\Users\johns\.vscode\extensions\pivotal.vscode-spring-boot-1.40.0\language-server\BOOT-INF\classes\application.properties 
java_command: org.springframework.ide.vscode.boot.app.BootLanguageServerBootApp
java_class_path (initial): c:\Users\johns\.vscode\extensions\pivotal.vscode-spring-boot-1.40.0\language-server\BOOT-INF\classes;c:\Users\johns\.vscode\extensions\pivotal.vscode-spring-boot-1.40.0\language-server\BOOT-INF\lib\annotations-23.0.0.jar;c:\Users\johns\.vscode\extensions\pivotal.vscode-spring-boot-1.40.0\language-server\BOOT-INF\lib\ant-1.10.12.jar;c:\Users\johns\.vscode\extensions\pivotal.vscode-spring-boot-1.40.0\language-server\BOOT-INF\lib\ant-launcher-1.10.12.jar;c:\Users\johns\.vscode\extensions\pivotal.vscode-spring-boot-1.40.0\language-server\BOOT-INF\lib\antlr-runtime-3.5.2.jar;c:\Users\johns\.vscode\extensions\pivotal.vscode-spring-boot-1.40.0\language-server\BOOT-INF\lib\antlr4-4.9.3.jar;c:\Users\johns\.vscode\extensions\pivotal.vscode-spring-boot-1.40.0\language-server\BOOT-INF\lib\antlr4-runtime-4.9.3.jar;c:\Users\johns\.vscode\extensions\pivotal.vscode-spring-boot-1.40.0\language-server\BOOT-INF\lib\asm-9.3.jar;c:\Users\johns\.vscode\extensions\pivotal.vscode-spring-boot-1.40.0\language-server\BOOT-INF\lib\asm-analysis-9.3.jar;c:\Users\johns\.vscode\extensions\pivotal.vscode-spring-boot-1.40.0\language-server\BOOT-INF\lib\asm-tree-9.3.jar;c:\Users\johns\.vscode\extensions\pivotal.vscode-spring-boot-1.40.0\language-server\BOOT-INF\lib\asm-util-9.3.jar;c:\Users\johns\.vscode\extensions\pivotal.vscode-spring-boot-1.40.0\language-server\BOOT-INF\lib\byte-buddy-1.12.13.jar;c:\Users\johns\.vscode\extensions\pivotal.vscode-spring-boot-1.40.0\language-server\BOOT-INF\lib\caffeine-2.9.3.jar;c:\Users\johns\.vscode\extensions\pivotal.vscode-spring-boot-1.40.0\language-server\BOOT-INF\lib\checker-qual-3.12.0.jar;c:\Users\johns\.vscode\extensions\pivotal.vscode-spring-boot-1.40.0\language-server\BOOT-INF\lib\classgraph-4.8.149.jar;c:\Users\johns\.vscode\extensions\pivotal.vscode-spring-boot-1.40.0\language-server\BOOT-INF\lib\commons-codec-1.15.jar;c:\Users\johns\.vscode\extensions\pivotal.vscode-spring-boot-1.40.0\language-server\BOOT-INF\lib\commons-c
Launcher Type: SUN_STANDARD

[Global flags]
     intx CICompilerCount                          = 4                                         {product} {ergonomic}
     uint ConcGCThreads                            = 2                                         {product} {ergonomic}
     uint G1ConcRefinementThreads                  = 8                                         {product} {ergonomic}
   size_t G1HeapRegionSize                         = 2097152                                   {product} {ergonomic}
    uintx GCDrainStackTargetSize                   = 64                                        {product} {ergonomic}
   size_t InitialHeapSize                          = 266338304                                 {product} {ergonomic}
   size_t MarkStackSize                            = 4194304                                   {product} {ergonomic}
   size_t MaxHeapSize                              = 4238344192                                {product} {ergonomic}
   size_t MaxNewSize                               = 2541748224                                {product} {ergonomic}
   size_t MinHeapDeltaBytes                        = 2097152                                   {product} {ergonomic}
   size_t MinHeapSize                              = 8388608                                   {product} {ergonomic}
    uintx NonProfiledCodeHeapSize                  = 0                                      {pd product} {ergonomic}
     bool ProfileInterpreter                       = false                                  {pd product} {command line}
    uintx ProfiledCodeHeapSize                     = 0                                      {pd product} {ergonomic}
   size_t SoftMaxHeapSize                          = 4238344192                             {manageable} {ergonomic}
     intx TieredStopAtLevel                        = 1                                         {product} {command line}
     bool UseCompressedClassPointers               = true                           {product lp64_product} {ergonomic}
     bool UseCompressedOops                        = true                           {product lp64_product} {ergonomic}
     bool UseG1GC                                  = true                                      {product} {ergonomic}
     bool UseLargePagesIndividualAllocation        = false                                  {pd product} {ergonomic}

Logging:
Log output configuration:
 #0: stdout all=warning,jni+resolve=off uptime,level,tags
 #1: stderr all=off uptime,level,tags

Environment Variables:
JAVA_HOME=C:\Program Files\Java\jdk-17.0.1
PATH=C:\Program Files\Common Files\Oracle\Java\javapath;C:\WINDOWS\system32;C:\WINDOWS;C:\WINDOWS\System32\Wbem;C:\WINDOWS\System32\WindowsPowerShell\v1.0\;C:\WINDOWS\System32\OpenSSH\;C:\Program Files\Git\cmd;C:\Program Files\Java\jdk-17.0.1\bin;C:\Program Files (x86)\Microsoft SQL Server\150\DTS\Binn\;C:\Program Files\Microsoft SQL Server\Client SDK\ODBC\170\Tools\Binn\;C:\Program Files (x86)\Microsoft SQL Server\150\Tools\Binn\;C:\Program Files\Microsoft SQL Server\150\Tools\Binn\;C:\Program Files\Microsoft SQL Server\150\DTS\Binn\;C:\Program Files\PuTTY\;C:\ProgramData\chocolatey\bin;C:\Program Files\Java\jdk-17.0.1\bin;C:\Users\johns\AppData\Local\rasjani\WebDriverManager\chrome\105.0.5195.52\chromedriver_win32;C:\Users\johns\AppData\Local\rasjani\WebDriverManager\gecko\v0.31.0\geckodriver-v0.31.0-win64;C:\Program Files\nodejs\;C:\Users\johns\AppData\Local\Microsoft\WindowsApps;C:\Users\johns\AppData\Local\Programs\Microsoft VS Code\bin;C:\Users\johns\Desktop\sqlite-tools-win32-x86-3370000;C:\Program Files\Azure Data Studio\bin;C:\Users\johns\AppData\Local\GitHubDesktop\bin;C:\Program Files\Maven\apache-maven-3.8.6\bin;C:\Program Files (x86)\GnuWin32\bin\;C:\Program Files\Java\jdk-17.0.1\bin;C:\Program Files\Gradle\gradle-7.5.1\bin;C:\Users\johns\AppData\Local\Programs\Python\Python310;C:\Users\johns\AppData\Local\Programs\Python\Python310\Scripts;C:\Users\johns\AppData\Local\rasjani\WebDriverManager\chrome\105.0.5195.52\chromedriver_win32;C:\Users\johns\AppData\Local\rasjani\WebDriverManager\gecko\v0.31.0\geckodriver-v0.31.0-win64;C:\Users\johns\AppData\Roaming\npm;
USERNAME=johns
OS=Windows_NT
PROCESSOR_IDENTIFIER=Intel64 Family 6 Model 140 Stepping 1, GenuineIntel
TMP=C:\Users\johns\AppData\Local\Temp
TEMP=C:\Users\johns\AppData\Local\Temp



---------------  S Y S T E M  ---------------

OS:
 Windows 11 , 64 bit Build 22000 (10.0.22000.708)
OS uptime: 4 days 15:37 hours
Hyper-V role detected

CPU: total 8 (initial active 8) (4 cores per cpu, 2 threads per core) family 6 model 140 stepping 1 microcode 0x86, cx8, cmov, fxsr, ht, mmx, 3dnowpref, sse, sse2, sse3, ssse3, sse4.1, sse4.2, popcnt, lzcnt, tsc, tscinvbit, avx, avx2, aes, erms, clmul, bmi1, bmi2, adx, avx512f, avx512dq, avx512cd, avx512bw, avx512vl, sha, fma, vzeroupper, avx512_vpopcntdq, avx512_vpclmulqdq, avx512_vaes, avx512_vnni, clflush, clflushopt, clwb, avx512_vbmi2, avx512_vbmi, hv

Memory: 4k page, system-wide physical 16167M (1913M free)
TotalPageFile size 20903M (AvailPageFile size 9M)
current process WorkingSet (physical memory assigned to process): 122M, peak: 1250M
current process commit charge ("private bytes"): 251M, peak: 1279M

vm_info: OpenJDK 64-Bit Server VM (17.0.4.1+1) for windows-amd64 JRE (17.0.4.1+1), built on Aug 17 2022 07:42:43 by "temurin" with MS VC++ 16.7 (VS2019)

END.
